1607446205517	geckodriver	INFO	Listening on 127.0.0.1:44251
1607446206523	mozrunner::runner	INFO	Running command: "/usr/lib/firefox/firefox" "--marionette" "-foreground" "-no-remote" "-profile" "/tmp/rust_mozprofileUmfj91"
console.warn: SearchSettings: "get: No settings file exists, new profile?" (new Error("", "(unknown module)"))
1607446207672	Marionette	INFO	Listening on port 43387
1607446207737	Marionette	WARN	TLS certificate errors will be ignored for this session
Exiting due to channel error.
Exiting due to channel error.
Exiting due to channel error.
1607446256524	geckodriver	INFO	Listening on 127.0.0.1:59137
1607446256526	mozrunner::runner	INFO	Running command: "/usr/lib/firefox/firefox" "--marionette" "-foreground" "-no-remote" "-profile" "/tmp/rust_mozprofiledpQG30"
console.warn: SearchSettings: "get: No settings file exists, new profile?" (new Error("", "(unknown module)"))
1607446257572	Marionette	INFO	Listening on port 36645
1607446257639	Marionette	WARN	TLS certificate errors will be ignored for this session
Exiting due to channel error.
Exiting due to channel error.
Exiting due to channel error.
1607446346390	geckodriver	INFO	Listening on 127.0.0.1:59111
1607446346392	mozrunner::runner	INFO	Running command: "/usr/lib/firefox/firefox" "--marionette" "-foreground" "-no-remote" "-profile" "/tmp/rust_mozprofileIwGIU4"
console.warn: SearchSettings: "get: No settings file exists, new profile?" (new Error("", "(unknown module)"))
1607446347500	Marionette	INFO	Listening on port 39431
1607446347605	Marionette	WARN	TLS certificate errors will be ignored for this session
1607446361036	Marionette	INFO	Stopped listening on port 39431
1607446431932	geckodriver	INFO	Listening on 127.0.0.1:36423
1607446431933	mozrunner::runner	INFO	Running command: "/usr/lib/firefox/firefox" "--marionette" "-foreground" "-no-remote" "-profile" "/tmp/rust_mozprofileRJE0uv"
console.warn: SearchSettings: "get: No settings file exists, new profile?" (new Error("", "(unknown module)"))
1607446432940	Marionette	INFO	Listening on port 36287
1607446433047	Marionette	WARN	TLS certificate errors will be ignored for this session
1607446449907	Marionette	INFO	Stopped listening on port 36287
1607446568649	geckodriver	INFO	Listening on 127.0.0.1:49123
1607446568651	mozrunner::runner	INFO	Running command: "/usr/lib/firefox/firefox" "--marionette" "-foreground" "-no-remote" "-profile" "/tmp/rust_mozprofileRykXxz"
console.warn: SearchSettings: "get: No settings file exists, new profile?" (new Error("", "(unknown module)"))
1607446569674	Marionette	INFO	Listening on port 41153
1607446569763	Marionette	WARN	TLS certificate errors will be ignored for this session
1607446583481	Marionette	INFO	Stopped listening on port 41153
1607446713656	geckodriver	INFO	Listening on 127.0.0.1:40781
1607446713657	mozrunner::runner	INFO	Running command: "/usr/lib/firefox/firefox" "--marionette" "-foreground" "-no-remote" "-profile" "/tmp/rust_mozprofileSqBWoU"
console.warn: SearchSettings: "get: No settings file exists, new profile?" (new Error("", "(unknown module)"))
1607446714786	Marionette	INFO	Listening on port 43943
1607446714870	Marionette	WARN	TLS certificate errors will be ignored for this session
1607446725110	Marionette	INFO	Stopped listening on port 43943
1607446875392	geckodriver	INFO	Listening on 127.0.0.1:58327
1607446875394	mozrunner::runner	INFO	Running command: "/usr/lib/firefox/firefox" "--marionette" "-foreground" "-no-remote" "-profile" "/tmp/rust_mozprofileqwQBoP"
console.warn: SearchSettings: "get: No settings file exists, new profile?" (new Error("", "(unknown module)"))
1607446876491	Marionette	INFO	Listening on port 41101
1607446876508	Marionette	WARN	TLS certificate errors will be ignored for this session
Exiting due to channel error.
Exiting due to channel error.
Exiting due to channel error.
1607447083841	geckodriver	INFO	Listening on 127.0.0.1:51689
1607447083843	mozrunner::runner	INFO	Running command: "/usr/lib/firefox/firefox" "--marionette" "-headless" "-foreground" "-no-remote" "-profile" "/tmp/rust_mozprofilebISHnV"
*** You are running in headless mode.
console.warn: SearchSettings: "get: No settings file exists, new profile?" (new Error("", "(unknown module)"))
1607447084837	Marionette	INFO	Listening on port 42309
1607447084856	Marionette	WARN	TLS certificate errors will be ignored for this session
1607447097545	geckodriver	INFO	Listening on 127.0.0.1:39913
1607447097547	mozrunner::runner	INFO	Running command: "/usr/lib/firefox/firefox" "--marionette" "-headless" "-foreground" "-no-remote" "-profile" "/tmp/rust_mozprofileLz6rUi"
*** You are running in headless mode.
console.warn: SearchSettings: "get: No settings file exists, new profile?" (new Error("", "(unknown module)"))
1607447098495	Marionette	INFO	Listening on port 46169
1607447098560	Marionette	WARN	TLS certificate errors will be ignored for this session
Exiting due to channel error.
Exiting due to channel error.
Exiting due to channel error.
Exiting due to channel error.
Exiting due to channel error.
Exiting due to channel error.
1607447145182	geckodriver	INFO	Listening on 127.0.0.1:46033
1607447145184	mozrunner::runner	INFO	Running command: "/usr/lib/firefox/firefox" "--marionette" "-headless" "-foreground" "-no-remote" "-profile" "/tmp/rust_mozprofiletqaP03"
*** You are running in headless mode.
console.warn: SearchSettings: "get: No settings file exists, new profile?" (new Error("", "(unknown module)"))
1607447146157	Marionette	INFO	Listening on port 41363
1607447146197	Marionette	WARN	TLS certificate errors will be ignored for this session
1607447157560	geckodriver	INFO	Listening on 127.0.0.1:59433
1607447157562	mozrunner::runner	INFO	Running command: "/usr/lib/firefox/firefox" "--marionette" "-headless" "-foreground" "-no-remote" "-profile" "/tmp/rust_mozprofileqjOdUp"
*** You are running in headless mode.
console.warn: SearchSettings: "get: No settings file exists, new profile?" (new Error("", "(unknown module)"))
1607447158626	Marionette	INFO	Listening on port 41785
1607447158675	Marionette	WARN	TLS certificate errors will be ignored for this session
Exiting due to channel error.
Exiting due to channel error.
Exiting due to channel error.
Exiting due to channel error.
Exiting due to channel error.
Exiting due to channel error.
1607447182412	geckodriver	INFO	Listening on 127.0.0.1:60699
1607447182414	mozrunner::runner	INFO	Running command: "/usr/lib/firefox/firefox" "--marionette" "-headless" "-foreground" "-no-remote" "-profile" "/tmp/rust_mozprofileLbxVaQ"
*** You are running in headless mode.
console.warn: SearchSettings: "get: No settings file exists, new profile?" (new Error("", "(unknown module)"))
1607447183507	Marionette	INFO	Listening on port 45183
1607447183529	Marionette	WARN	TLS certificate errors will be ignored for this session
1607447205799	geckodriver	INFO	Listening on 127.0.0.1:41739
1607447205800	mozrunner::runner	INFO	Running command: "/usr/lib/firefox/firefox" "--marionette" "-headless" "-foreground" "-no-remote" "-profile" "/tmp/rust_mozprofilejNGxUq"
*** You are running in headless mode.
console.warn: SearchSettings: "get: No settings file exists, new profile?" (new Error("", "(unknown module)"))
1607447206856	Marionette	INFO	Listening on port 41405
1607447206914	Marionette	WARN	TLS certificate errors will be ignored for this session
Exiting due to channel error.
Exiting due to channel error.
Exiting due to channel error.
Exiting due to channel error.
Exiting due to channel error.
Exiting due to channel error.
